
Collecting usage statistics. To deactivate, set browser.gatherUsageStats to false.


  You can now view your Streamlit app in your browser.

  Local URL: http://localhost:8503
  Network URL: http://192.168.29.48:8503
  External URL: http://49.43.40.231:8503

+------------------------- Traceback (most recent call last) --------------------------+
| E:\Faizy bhai college work\Major Project Presentation\Final Year                     |
| Project\.venv\Lib\site-packages\streamlit\runtime\scriptrunner\exec_code.py:129 in   |
| exec_func_with_error_handling                                                        |
|                                                                                      |
| E:\Faizy bhai college work\Major Project Presentation\Final Year                     |
| Project\.venv\Lib\site-packages\streamlit\runtime\scriptrunner\script_runner.py:689  |
| in code_to_exec                                                                      |
|                                                                                      |
| E:\Faizy bhai college work\Major Project Presentation\Final Year                     |
| Project\src\app.py:141 in <module>                                                   |
|                                                                                      |
|   138     elif not headline_text.strip():                                            |
|   139         st.warning("Please enter at least one news headline.")                 |
|   140     else:                                                                      |
| > 141         live_features = fetch_live_feature_row(ticker=ticker)                  |
|   142         prediction, scores, probability = predict_headline_bundle(headline_tex |
|   143         label = "Up" if prediction == 1 else "Down"                            |
|   144         sentiment_tone = (                                                     |
|                                                                                      |
| E:\Faizy bhai college work\Major Project Presentation\Final Year                     |
| Project\src\yahoo_service.py:41 in fetch_live_feature_row                            |
|                                                                                      |
|   38     )                                                                           |
|   39                                                                                 |
|   40     if history.empty:                                                           |
| > 41         raise ValueError(f"No Yahoo Finance live market data returned for {tick |
|   42                                                                                 |
|   43     if isinstance(history.columns, pd.MultiIndex):                              |
|   44         history.columns = history.columns.get_level_values(0)                   |
+--------------------------------------------------------------------------------------+
ValueError: No Yahoo Finance live market data returned for oil.
+------------------------- Traceback (most recent call last) --------------------------+
| E:\Faizy bhai college work\Major Project Presentation\Final Year                     |
| Project\.venv\Lib\site-packages\streamlit\runtime\scriptrunner\exec_code.py:129 in   |
| exec_func_with_error_handling                                                        |
|                                                                                      |
| E:\Faizy bhai college work\Major Project Presentation\Final Year                     |
| Project\.venv\Lib\site-packages\streamlit\runtime\scriptrunner\script_runner.py:689  |
| in code_to_exec                                                                      |
|                                                                                      |
| E:\Faizy bhai college work\Major Project Presentation\Final Year                     |
| Project\src\app.py:141 in <module>                                                   |
|                                                                                      |
|   138     elif not headline_text.strip():                                            |
|   139         st.warning("Please enter at least one news headline.")                 |
|   140     else:                                                                      |
| > 141         live_features = fetch_live_feature_row(ticker=ticker)                  |
|   142         prediction, scores, probability = predict_headline_bundle(headline_tex |
|   143         label = "Up" if prediction == 1 else "Down"                            |
|   144         sentiment_tone = (                                                     |
|                                                                                      |
| E:\Faizy bhai college work\Major Project Presentation\Final Year                     |
| Project\src\yahoo_service.py:41 in fetch_live_feature_row                            |
|                                                                                      |
|   38     )                                                                           |
|   39                                                                                 |
|   40     if history.empty:                                                           |
| > 41         raise ValueError(f"No Yahoo Finance live market data returned for {tick |
|   42                                                                                 |
|   43     if isinstance(history.columns, pd.MultiIndex):                              |
|   44         history.columns = history.columns.get_level_values(0)                   |
+--------------------------------------------------------------------------------------+
ValueError: No Yahoo Finance live market data returned for NSE.
